[
  {
    "line": 1,
    "elements": [
      {
        "start_timestamp": "2020-06-05T09:15:56.187Z",
        "before": [
          {
            "result": {
              "duration": 22060000000,
              "status": "passed"
            },
            "match": {
              "location": "StepDefinitions.AppiumController.openApp()"
            }
          }
        ],
        "line": 10,
        "name": "Verify if user is able to login",
        "description": "",
        "id": "feature-to-test-login-flow-functionality;verify-if-user-is-able-to-login;;2",
        "after": [
          {
            "result": {
              "duration": 424000000,
              "status": "passed"
            },
            "match": {
              "location": "StepDefinitions.AppiumController.AfterTest()"
            }
          }
        ],
        "type": "scenario",
        "keyword": "Scenario Outline",
        "steps": [
          {
            "result": {
              "error_message": "io.cucumber.core.exception.CucumberException: Failed to instantiate class StepDefinitions.MyStepdefs\n\tat io.cucumber.core.runtime.ObjectFactoryServiceLoader$DefaultJavaObjectFactory.cacheNewInstance(ObjectFactoryServiceLoader.java:135)\n\tat io.cucumber.core.runtime.ObjectFactoryServiceLoader$DefaultJavaObjectFactory.getInstance(ObjectFactoryServiceLoader.java:121)\n\tat io.cucumber.java.JavaStepDefinition.execute(JavaStepDefinition.java:27)\n\tat io.cucumber.core.runner.PickleStepDefinitionMatch.runStep(PickleStepDefinitionMatch.java:63)\n\tat io.cucumber.core.runner.TestStep.executeStep(TestStep.java:64)\n\tat io.cucumber.core.runner.TestStep.run(TestStep.java:49)\n\tat io.cucumber.core.runner.PickleStepTestStep.run(PickleStepTestStep.java:46)\n\tat io.cucumber.core.runner.TestCase.run(TestCase.java:51)\n\tat io.cucumber.core.runner.Runner.runPickle(Runner.java:67)\n\tat io.cucumber.junit.PickleRunners$NoStepDescriptions.run(PickleRunners.java:149)\n\tat io.cucumber.junit.FeatureRunner.runChild(FeatureRunner.java:83)\n\tat io.cucumber.junit.FeatureRunner.runChild(FeatureRunner.java:24)\n\tat org.junit.runners.ParentRunner$3.run(ParentRunner.java:290)\n\tat org.junit.runners.ParentRunner$1.schedule(ParentRunner.java:71)\n\tat org.junit.runners.ParentRunner.runChildren(ParentRunner.java:288)\n\tat org.junit.runners.ParentRunner.access$000(ParentRunner.java:58)\n\tat org.junit.runners.ParentRunner$2.evaluate(ParentRunner.java:268)\n\tat org.junit.runners.ParentRunner.run(ParentRunner.java:363)\n\tat io.cucumber.junit.Cucumber.runChild(Cucumber.java:185)\n\tat io.cucumber.junit.Cucumber.runChild(Cucumber.java:83)\n\tat org.junit.runners.ParentRunner$3.run(ParentRunner.java:290)\n\tat org.junit.runners.ParentRunner$1.schedule(ParentRunner.java:71)\n\tat org.junit.runners.ParentRunner.runChildren(ParentRunner.java:288)\n\tat org.junit.runners.ParentRunner.access$000(ParentRunner.java:58)\n\tat org.junit.runners.ParentRunner$2.evaluate(ParentRunner.java:268)\n\tat io.cucumber.junit.Cucumber$RunCucumber.evaluate(Cucumber.java:219)\n\tat org.junit.runners.ParentRunner.run(ParentRunner.java:363)\n\tat org.junit.runner.JUnitCore.run(JUnitCore.java:137)\n\tat com.intellij.junit4.JUnit4IdeaTestRunner.startRunnerWithArgs(JUnit4IdeaTestRunner.java:68)\n\tat com.intellij.rt.junit.IdeaTestRunner$Repeater.startRunnerWithArgs(IdeaTestRunner.java:33)\n\tat com.intellij.rt.junit.JUnitStarter.prepareStreamsAndStart(JUnitStarter.java:230)\n\tat com.intellij.rt.junit.JUnitStarter.main(JUnitStarter.java:58)\nCaused by: java.lang.reflect.InvocationTargetException\n\tat sun.reflect.NativeConstructorAccessorImpl.newInstance0(Native Method)\n\tat sun.reflect.NativeConstructorAccessorImpl.newInstance(NativeConstructorAccessorImpl.java:62)\n\tat sun.reflect.DelegatingConstructorAccessorImpl.newInstance(DelegatingConstructorAccessorImpl.java:45)\n\tat java.lang.reflect.Constructor.newInstance(Constructor.java:423)\n\tat io.cucumber.core.runtime.ObjectFactoryServiceLoader$DefaultJavaObjectFactory.cacheNewInstance(ObjectFactoryServiceLoader.java:129)\n\t... 31 more\nCaused by: java.lang.NullPointerException\n\tat java.util.Objects.requireNonNull(Objects.java:203)\n\tat org.openqa.selenium.support.ui.FluentWait.\u003cinit\u003e(FluentWait.java:106)\n\tat org.openqa.selenium.support.ui.WebDriverWait.\u003cinit\u003e(WebDriverWait.java:85)\n\tat org.openqa.selenium.support.ui.WebDriverWait.\u003cinit\u003e(WebDriverWait.java:45)\n\tat StepDefinitions.MyStepdefs.\u003cinit\u003e(MyStepdefs.java:14)\n\t... 36 more\n",
              "duration": 15000000,
              "status": "failed"
            },
            "line": 4,
            "name": "user is on login page",
            "match": {
              "location": "StepDefinitions.MyStepdefs.userIsOnLoginPage()"
            },
            "keyword": "Given "
          },
          {
            "result": {
              "status": "undefined"
            },
            "line": 5,
            "name": "user enter the rai8abhishek@gmail.com and P@ssword001",
            "match": {},
            "keyword": "When "
          },
          {
            "result": {
              "duration": 1000000,
              "status": "skipped"
            },
            "line": 6,
            "name": "user click on submit button",
            "match": {
              "location": "StepDefinitions.MyStepdefs.userClickOnSubmitButton()"
            },
            "keyword": "And "
          },
          {
            "result": {
              "duration": 1000000,
              "status": "skipped"
            },
            "line": 7,
            "name": "user navigate to login button",
            "match": {
              "location": "StepDefinitions.MyStepdefs.userNavigateToLoginButton()"
            },
            "keyword": "Then "
          }
        ]
      },
      {
        "start_timestamp": "2020-06-05T09:16:18.769Z",
        "before": [
          {
            "result": {
              "duration": 16001000000,
              "status": "passed"
            },
            "match": {
              "location": "StepDefinitions.AppiumController.openApp()"
            }
          }
        ],
        "line": 19,
        "name": "Verify that user should not be able to login, if password field is black",
        "description": "",
        "id": "feature-to-test-login-flow-functionality;verify-that-user-should-not-be-able-to-login--if-password-field-is-black;;2",
        "after": [
          {
            "result": {
              "duration": 776000000,
              "status": "passed"
            },
            "match": {
              "location": "StepDefinitions.AppiumController.AfterTest()"
            }
          }
        ],
        "type": "scenario",
        "keyword": "Scenario Outline",
        "steps": [
          {
            "result": {
              "error_message": "io.cucumber.core.exception.CucumberException: Failed to instantiate class StepDefinitions.MyStepdefs\n\tat io.cucumber.core.runtime.ObjectFactoryServiceLoader$DefaultJavaObjectFactory.cacheNewInstance(ObjectFactoryServiceLoader.java:135)\n\tat io.cucumber.core.runtime.ObjectFactoryServiceLoader$DefaultJavaObjectFactory.getInstance(ObjectFactoryServiceLoader.java:121)\n\tat io.cucumber.java.JavaStepDefinition.execute(JavaStepDefinition.java:27)\n\tat io.cucumber.core.runner.PickleStepDefinitionMatch.runStep(PickleStepDefinitionMatch.java:63)\n\tat io.cucumber.core.runner.TestStep.executeStep(TestStep.java:64)\n\tat io.cucumber.core.runner.TestStep.run(TestStep.java:49)\n\tat io.cucumber.core.runner.PickleStepTestStep.run(PickleStepTestStep.java:46)\n\tat io.cucumber.core.runner.TestCase.run(TestCase.java:51)\n\tat io.cucumber.core.runner.Runner.runPickle(Runner.java:67)\n\tat io.cucumber.junit.PickleRunners$NoStepDescriptions.run(PickleRunners.java:149)\n\tat io.cucumber.junit.FeatureRunner.runChild(FeatureRunner.java:83)\n\tat io.cucumber.junit.FeatureRunner.runChild(FeatureRunner.java:24)\n\tat org.junit.runners.ParentRunner$3.run(ParentRunner.java:290)\n\tat org.junit.runners.ParentRunner$1.schedule(ParentRunner.java:71)\n\tat org.junit.runners.ParentRunner.runChildren(ParentRunner.java:288)\n\tat org.junit.runners.ParentRunner.access$000(ParentRunner.java:58)\n\tat org.junit.runners.ParentRunner$2.evaluate(ParentRunner.java:268)\n\tat org.junit.runners.ParentRunner.run(ParentRunner.java:363)\n\tat io.cucumber.junit.Cucumber.runChild(Cucumber.java:185)\n\tat io.cucumber.junit.Cucumber.runChild(Cucumber.java:83)\n\tat org.junit.runners.ParentRunner$3.run(ParentRunner.java:290)\n\tat org.junit.runners.ParentRunner$1.schedule(ParentRunner.java:71)\n\tat org.junit.runners.ParentRunner.runChildren(ParentRunner.java:288)\n\tat org.junit.runners.ParentRunner.access$000(ParentRunner.java:58)\n\tat org.junit.runners.ParentRunner$2.evaluate(ParentRunner.java:268)\n\tat io.cucumber.junit.Cucumber$RunCucumber.evaluate(Cucumber.java:219)\n\tat org.junit.runners.ParentRunner.run(ParentRunner.java:363)\n\tat org.junit.runner.JUnitCore.run(JUnitCore.java:137)\n\tat com.intellij.junit4.JUnit4IdeaTestRunner.startRunnerWithArgs(JUnit4IdeaTestRunner.java:68)\n\tat com.intellij.rt.junit.IdeaTestRunner$Repeater.startRunnerWithArgs(IdeaTestRunner.java:33)\n\tat com.intellij.rt.junit.JUnitStarter.prepareStreamsAndStart(JUnitStarter.java:230)\n\tat com.intellij.rt.junit.JUnitStarter.main(JUnitStarter.java:58)\nCaused by: java.lang.reflect.InvocationTargetException\n\tat sun.reflect.NativeConstructorAccessorImpl.newInstance0(Native Method)\n\tat sun.reflect.NativeConstructorAccessorImpl.newInstance(NativeConstructorAccessorImpl.java:62)\n\tat sun.reflect.DelegatingConstructorAccessorImpl.newInstance(DelegatingConstructorAccessorImpl.java:45)\n\tat java.lang.reflect.Constructor.newInstance(Constructor.java:423)\n\tat io.cucumber.core.runtime.ObjectFactoryServiceLoader$DefaultJavaObjectFactory.cacheNewInstance(ObjectFactoryServiceLoader.java:129)\n\t... 31 more\nCaused by: java.lang.NullPointerException\n\tat java.util.Objects.requireNonNull(Objects.java:203)\n\tat org.openqa.selenium.support.ui.FluentWait.\u003cinit\u003e(FluentWait.java:106)\n\tat org.openqa.selenium.support.ui.WebDriverWait.\u003cinit\u003e(WebDriverWait.java:85)\n\tat org.openqa.selenium.support.ui.WebDriverWait.\u003cinit\u003e(WebDriverWait.java:45)\n\tat StepDefinitions.MyStepdefs.\u003cinit\u003e(MyStepdefs.java:14)\n\t... 36 more\n",
              "duration": 1000000,
              "status": "failed"
            },
            "line": 13,
            "name": "user is on login page",
            "match": {
              "location": "StepDefinitions.MyStepdefs.userIsOnLoginPage()"
            },
            "keyword": "Given "
          },
          {
            "result": {
              "status": "undefined"
            },
            "line": 14,
            "name": "user enter the rai8abhishek@gmail.com and ",
            "match": {},
            "keyword": "When "
          },
          {
            "result": {
              "duration": 2000000,
              "status": "skipped"
            },
            "line": 15,
            "name": "user click on submit button",
            "match": {
              "location": "StepDefinitions.MyStepdefs.userClickOnSubmitButton()"
            },
            "keyword": "And "
          },
          {
            "result": {
              "status": "skipped"
            },
            "line": 16,
            "name": "user should not navigate to login button",
            "match": {
              "location": "StepDefinitions.MyStepdefs.userShouldNotNavigateToLoginButton()"
            },
            "keyword": "Then "
          }
        ]
      },
      {
        "start_timestamp": "2020-06-05T09:16:35.563Z",
        "before": [
          {
            "result": {
              "duration": 17491000000,
              "status": "passed"
            },
            "match": {
              "location": "StepDefinitions.AppiumController.openApp()"
            }
          }
        ],
        "line": 20,
        "name": "Verify that user should not be able to login, if password field is black",
        "description": "",
        "id": "feature-to-test-login-flow-functionality;verify-that-user-should-not-be-able-to-login--if-password-field-is-black;;3",
        "after": [
          {
            "result": {
              "duration": 397000000,
              "status": "passed"
            },
            "match": {
              "location": "StepDefinitions.AppiumController.AfterTest()"
            }
          }
        ],
        "type": "scenario",
        "keyword": "Scenario Outline",
        "steps": [
          {
            "result": {
              "error_message": "io.cucumber.core.exception.CucumberException: Failed to instantiate class StepDefinitions.MyStepdefs\n\tat io.cucumber.core.runtime.ObjectFactoryServiceLoader$DefaultJavaObjectFactory.cacheNewInstance(ObjectFactoryServiceLoader.java:135)\n\tat io.cucumber.core.runtime.ObjectFactoryServiceLoader$DefaultJavaObjectFactory.getInstance(ObjectFactoryServiceLoader.java:121)\n\tat io.cucumber.java.JavaStepDefinition.execute(JavaStepDefinition.java:27)\n\tat io.cucumber.core.runner.PickleStepDefinitionMatch.runStep(PickleStepDefinitionMatch.java:63)\n\tat io.cucumber.core.runner.TestStep.executeStep(TestStep.java:64)\n\tat io.cucumber.core.runner.TestStep.run(TestStep.java:49)\n\tat io.cucumber.core.runner.PickleStepTestStep.run(PickleStepTestStep.java:46)\n\tat io.cucumber.core.runner.TestCase.run(TestCase.java:51)\n\tat io.cucumber.core.runner.Runner.runPickle(Runner.java:67)\n\tat io.cucumber.junit.PickleRunners$NoStepDescriptions.run(PickleRunners.java:149)\n\tat io.cucumber.junit.FeatureRunner.runChild(FeatureRunner.java:83)\n\tat io.cucumber.junit.FeatureRunner.runChild(FeatureRunner.java:24)\n\tat org.junit.runners.ParentRunner$3.run(ParentRunner.java:290)\n\tat org.junit.runners.ParentRunner$1.schedule(ParentRunner.java:71)\n\tat org.junit.runners.ParentRunner.runChildren(ParentRunner.java:288)\n\tat org.junit.runners.ParentRunner.access$000(ParentRunner.java:58)\n\tat org.junit.runners.ParentRunner$2.evaluate(ParentRunner.java:268)\n\tat org.junit.runners.ParentRunner.run(ParentRunner.java:363)\n\tat io.cucumber.junit.Cucumber.runChild(Cucumber.java:185)\n\tat io.cucumber.junit.Cucumber.runChild(Cucumber.java:83)\n\tat org.junit.runners.ParentRunner$3.run(ParentRunner.java:290)\n\tat org.junit.runners.ParentRunner$1.schedule(ParentRunner.java:71)\n\tat org.junit.runners.ParentRunner.runChildren(ParentRunner.java:288)\n\tat org.junit.runners.ParentRunner.access$000(ParentRunner.java:58)\n\tat org.junit.runners.ParentRunner$2.evaluate(ParentRunner.java:268)\n\tat io.cucumber.junit.Cucumber$RunCucumber.evaluate(Cucumber.java:219)\n\tat org.junit.runners.ParentRunner.run(ParentRunner.java:363)\n\tat org.junit.runner.JUnitCore.run(JUnitCore.java:137)\n\tat com.intellij.junit4.JUnit4IdeaTestRunner.startRunnerWithArgs(JUnit4IdeaTestRunner.java:68)\n\tat com.intellij.rt.junit.IdeaTestRunner$Repeater.startRunnerWithArgs(IdeaTestRunner.java:33)\n\tat com.intellij.rt.junit.JUnitStarter.prepareStreamsAndStart(JUnitStarter.java:230)\n\tat com.intellij.rt.junit.JUnitStarter.main(JUnitStarter.java:58)\nCaused by: java.lang.reflect.InvocationTargetException\n\tat sun.reflect.NativeConstructorAccessorImpl.newInstance0(Native Method)\n\tat sun.reflect.NativeConstructorAccessorImpl.newInstance(NativeConstructorAccessorImpl.java:62)\n\tat sun.reflect.DelegatingConstructorAccessorImpl.newInstance(DelegatingConstructorAccessorImpl.java:45)\n\tat java.lang.reflect.Constructor.newInstance(Constructor.java:423)\n\tat io.cucumber.core.runtime.ObjectFactoryServiceLoader$DefaultJavaObjectFactory.cacheNewInstance(ObjectFactoryServiceLoader.java:129)\n\t... 31 more\nCaused by: java.lang.NullPointerException\n\tat java.util.Objects.requireNonNull(Objects.java:203)\n\tat org.openqa.selenium.support.ui.FluentWait.\u003cinit\u003e(FluentWait.java:106)\n\tat org.openqa.selenium.support.ui.WebDriverWait.\u003cinit\u003e(WebDriverWait.java:85)\n\tat org.openqa.selenium.support.ui.WebDriverWait.\u003cinit\u003e(WebDriverWait.java:45)\n\tat StepDefinitions.MyStepdefs.\u003cinit\u003e(MyStepdefs.java:14)\n\t... 36 more\n",
              "duration": 1000000,
              "status": "failed"
            },
            "line": 13,
            "name": "user is on login page",
            "match": {
              "location": "StepDefinitions.MyStepdefs.userIsOnLoginPage()"
            },
            "keyword": "Given "
          },
          {
            "result": {
              "status": "undefined"
            },
            "line": 14,
            "name": "user enter the  and Password001",
            "match": {},
            "keyword": "When "
          },
          {
            "result": {
              "status": "skipped"
            },
            "line": 15,
            "name": "user click on submit button",
            "match": {
              "location": "StepDefinitions.MyStepdefs.userClickOnSubmitButton()"
            },
            "keyword": "And "
          },
          {
            "result": {
              "status": "skipped"
            },
            "line": 16,
            "name": "user should not navigate to login button",
            "match": {
              "location": "StepDefinitions.MyStepdefs.userShouldNotNavigateToLoginButton()"
            },
            "keyword": "Then "
          }
        ]
      }
    ],
    "name": "feature to test login flow functionality",
    "description": "",
    "id": "feature-to-test-login-flow-functionality",
    "keyword": "Feature",
    "uri": "file:src/test/java/resources/coalShastra/login.feature",
    "tags": []
  },
  {
    "line": 1,
    "elements": [
      {
        "start_timestamp": "2020-06-05T09:16:53.460Z",
        "before": [
          {
            "result": {
              "duration": 17488000000,
              "status": "passed"
            },
            "match": {
              "location": "StepDefinitions.AppiumController.openApp()"
            }
          }
        ],
        "line": 3,
        "name": "All ready registered user should not able to register again with same information",
        "description": "",
        "id": "this-is-used-to-verify-registration-page;all-ready-registered-user-should-not-able-to-register-again-with-same-information",
        "after": [
          {
            "result": {
              "duration": 402000000,
              "status": "passed"
            },
            "match": {
              "location": "StepDefinitions.AppiumController.AfterTest()"
            }
          }
        ],
        "type": "scenario",
        "keyword": "Scenario",
        "steps": [
          {
            "result": {
              "error_message": "io.cucumber.core.exception.CucumberException: Failed to instantiate class StepDefinitions.MyStepdefs\n\tat io.cucumber.core.runtime.ObjectFactoryServiceLoader$DefaultJavaObjectFactory.cacheNewInstance(ObjectFactoryServiceLoader.java:135)\n\tat io.cucumber.core.runtime.ObjectFactoryServiceLoader$DefaultJavaObjectFactory.getInstance(ObjectFactoryServiceLoader.java:121)\n\tat io.cucumber.java.JavaStepDefinition.execute(JavaStepDefinition.java:27)\n\tat io.cucumber.core.runner.PickleStepDefinitionMatch.runStep(PickleStepDefinitionMatch.java:63)\n\tat io.cucumber.core.runner.TestStep.executeStep(TestStep.java:64)\n\tat io.cucumber.core.runner.TestStep.run(TestStep.java:49)\n\tat io.cucumber.core.runner.PickleStepTestStep.run(PickleStepTestStep.java:46)\n\tat io.cucumber.core.runner.TestCase.run(TestCase.java:51)\n\tat io.cucumber.core.runner.Runner.runPickle(Runner.java:67)\n\tat io.cucumber.junit.PickleRunners$NoStepDescriptions.run(PickleRunners.java:149)\n\tat io.cucumber.junit.FeatureRunner.runChild(FeatureRunner.java:83)\n\tat io.cucumber.junit.FeatureRunner.runChild(FeatureRunner.java:24)\n\tat org.junit.runners.ParentRunner$3.run(ParentRunner.java:290)\n\tat org.junit.runners.ParentRunner$1.schedule(ParentRunner.java:71)\n\tat org.junit.runners.ParentRunner.runChildren(ParentRunner.java:288)\n\tat org.junit.runners.ParentRunner.access$000(ParentRunner.java:58)\n\tat org.junit.runners.ParentRunner$2.evaluate(ParentRunner.java:268)\n\tat org.junit.runners.ParentRunner.run(ParentRunner.java:363)\n\tat io.cucumber.junit.Cucumber.runChild(Cucumber.java:185)\n\tat io.cucumber.junit.Cucumber.runChild(Cucumber.java:83)\n\tat org.junit.runners.ParentRunner$3.run(ParentRunner.java:290)\n\tat org.junit.runners.ParentRunner$1.schedule(ParentRunner.java:71)\n\tat org.junit.runners.ParentRunner.runChildren(ParentRunner.java:288)\n\tat org.junit.runners.ParentRunner.access$000(ParentRunner.java:58)\n\tat org.junit.runners.ParentRunner$2.evaluate(ParentRunner.java:268)\n\tat io.cucumber.junit.Cucumber$RunCucumber.evaluate(Cucumber.java:219)\n\tat org.junit.runners.ParentRunner.run(ParentRunner.java:363)\n\tat org.junit.runner.JUnitCore.run(JUnitCore.java:137)\n\tat com.intellij.junit4.JUnit4IdeaTestRunner.startRunnerWithArgs(JUnit4IdeaTestRunner.java:68)\n\tat com.intellij.rt.junit.IdeaTestRunner$Repeater.startRunnerWithArgs(IdeaTestRunner.java:33)\n\tat com.intellij.rt.junit.JUnitStarter.prepareStreamsAndStart(JUnitStarter.java:230)\n\tat com.intellij.rt.junit.JUnitStarter.main(JUnitStarter.java:58)\nCaused by: java.lang.reflect.InvocationTargetException\n\tat sun.reflect.NativeConstructorAccessorImpl.newInstance0(Native Method)\n\tat sun.reflect.NativeConstructorAccessorImpl.newInstance(NativeConstructorAccessorImpl.java:62)\n\tat sun.reflect.DelegatingConstructorAccessorImpl.newInstance(DelegatingConstructorAccessorImpl.java:45)\n\tat java.lang.reflect.Constructor.newInstance(Constructor.java:423)\n\tat io.cucumber.core.runtime.ObjectFactoryServiceLoader$DefaultJavaObjectFactory.cacheNewInstance(ObjectFactoryServiceLoader.java:129)\n\t... 31 more\nCaused by: java.lang.NullPointerException\n\tat java.util.Objects.requireNonNull(Objects.java:203)\n\tat org.openqa.selenium.support.ui.FluentWait.\u003cinit\u003e(FluentWait.java:106)\n\tat org.openqa.selenium.support.ui.WebDriverWait.\u003cinit\u003e(WebDriverWait.java:85)\n\tat org.openqa.selenium.support.ui.WebDriverWait.\u003cinit\u003e(WebDriverWait.java:45)\n\tat StepDefinitions.MyStepdefs.\u003cinit\u003e(MyStepdefs.java:14)\n\t... 36 more\n",
              "duration": 1000000,
              "status": "failed"
            },
            "line": 4,
            "name": "user is on login page",
            "match": {
              "location": "StepDefinitions.MyStepdefs.userIsOnLoginPage()"
            },
            "keyword": "Given "
          },
          {
            "result": {
              "duration": 1000000,
              "status": "skipped"
            },
            "line": 5,
            "name": "user click on registration button",
            "match": {
              "location": "StepDefinitions.RegistrationStepdefs.userClickOnRegistrationButton()"
            },
            "keyword": "And "
          },
          {
            "result": {
              "status": "skipped"
            },
            "line": 6,
            "name": "user enter his details on registration process",
            "match": {
              "location": "StepDefinitions.RegistrationStepdefs.userEnterHisDetailsOnRegistrationProcess()"
            },
            "keyword": "And "
          },
          {
            "result": {
              "duration": 1000000,
              "status": "skipped"
            },
            "line": 7,
            "name": "user click on submit button",
            "match": {
              "location": "StepDefinitions.MyStepdefs.userClickOnSubmitButton()"
            },
            "keyword": "When "
          },
          {
            "result": {
              "status": "skipped"
            },
            "line": 8,
            "name": "user should not able to register again",
            "match": {
              "location": "StepDefinitions.RegistrationStepdefs.userShouldNotAbleToRegisterAgain()"
            },
            "keyword": "Then "
          }
        ]
      }
    ],
    "name": "This is used to verify registration page",
    "description": "",
    "id": "this-is-used-to-verify-registration-page",
    "keyword": "Feature",
    "uri": "file:src/test/java/resources/coalShastra/registration.feature",
    "tags": []
  }
]